src/app/api/chat/test-types.ts(16,5): error TS2353: Object literal may only specify known properties, and 'args' does not exist in type 'ToolCallPart'.
src/app/api/chat/test-types.ts(23,5): error TS2353: Object literal may only specify known properties, and 'parameters' does not exist in type 'ToolCallPart'.
src/app/api/chat/test-types.ts(37,5): error TS2353: Object literal may only specify known properties, and 'arguments' does not exist in type 'ToolCallPart'.
